mode: set
github.com/pickledev/bookings/cmd/web/main.go:23.13,25.16 2 0
github.com/pickledev/bookings/cmd/web/main.go:29.2,37.16 4 0
github.com/pickledev/bookings/cmd/web/main.go:25.16,27.3 1 0
github.com/pickledev/bookings/cmd/web/main.go:40.18,56.16 10 1
github.com/pickledev/bookings/cmd/web/main.go:61.2,68.12 6 1
github.com/pickledev/bookings/cmd/web/main.go:56.16,59.3 2 0
github.com/pickledev/bookings/cmd/web/middleware.go:10.45,21.2 3 1
github.com/pickledev/bookings/cmd/web/middleware.go:24.50,26.2 1 1
github.com/pickledev/bookings/cmd/web/routes.go:12.49,36.2 18 1
